Sender: LSF System <jszostek@krypton17>
Subject: Job 38197564: <load_hgnc> in cluster <PMACS-SCC> Exited

Job <load_hgnc> was submitted from host <superman> by user <alrico> in cluster <PMACS-SCC> at Fri May 30 13:59:17 2025
Job was executed on host(s) <krypton17>, in queue <epistasis_normal>, as user <alrico> in cluster <PMACS-SCC> at Fri May 30 13:59:18 2025
</home/alrico> was used as the home directory.
</home/alrico/group/software/biofilter3R/scripts/jobs> was used as the working directory.
Started at Fri May 30 13:59:18 2025
Terminated at Fri May 30 14:59:21 2025
Results reported at Fri May 30 14:59:21 2025

Your job looked like:

------------------------------------------------------------
# LSBATCH: User input
#!/bin/bash
#BSUB -J load_hgnc
#BSUB -o bsub.load_hgnc.%J.out
#BSUB -e bsub.load_hgnc.%J.err
#BSUB -n 1
#BSUB -M 8000
#BSUB -W 01:00
#BSUB -R "select[ostype>=CENT7]"

# Carrega os m칩dulos necess치rios
module load python/3.11
module load git/2.39.0

# Ativa o poetry no ambiente do usu치rio
export PATH="$HOME/.local/bin:$PATH"

# Entra no diret칩rio do projeto
cd /home/alrico/group/software/biofilter3R

# Ativa o ambiente virtual local
source .venv/bin/activate

# Executa o script Python
python /home/alrico/group/software/biofilter3R/scripts/jobs/load_hgnc.py


------------------------------------------------------------

TERM_RUNLIMIT: job killed after reaching LSF run time limit.
Exited with exit code 140.

Resource usage summary:

    CPU time :                                   1976.00 sec.
    Max Memory :                                 229 MB
    Average Memory :                             225.62 MB
    Total Requested Memory :                     4096.00 MB
    Delta Memory :                               3867.00 MB
    Max Swap :                                   -
    Max Processes :                              4
    Max Threads :                                6
    Run time :                                   3602 sec.
    Turnaround time :                            3604 sec.

The output (if any) follows:



PS:

Read file <bsub.load_hgnc.38197564.err> for stderr output of this job.

