Sender: LSF System <jszostek@theta05>
Subject: Job 38207923: <load_hgnc> in cluster <PMACS-SCC> Done

Job <load_hgnc> was submitted from host <superman> by user <alrico> in cluster <PMACS-SCC> at Sat May 31 18:58:41 2025
Job was executed on host(s) <theta05>, in queue <epistasis_normal>, as user <alrico> in cluster <PMACS-SCC> at Sat May 31 18:58:41 2025
</home/alrico> was used as the home directory.
</home/alrico/group/software/biofilter3R/scripts/jobs> was used as the working directory.
Started at Sat May 31 18:58:41 2025
Terminated at Sat May 31 19:03:11 2025
Results reported at Sat May 31 19:03:11 2025

Your job looked like:

------------------------------------------------------------
# LSBATCH: User input
#!/bin/bash
#BSUB -J load_hgnc
#BSUB -o bsub.load_hgnc.%J.out
#BSUB -e bsub.load_hgnc.%J.err
#BSUB -n 1
#BSUB -M 8000
#BSUB -W 01:00
#BSUB -R "select[ostype>=CENT7]"

# Carrega os m칩dulos necess치rios
module load python/3.11
module load git/2.39.0

# Ativa o poetry no ambiente do usu치rio
export PATH="$HOME/.local/bin:$PATH"

# Entra no diret칩rio do projeto
cd /home/alrico/group/software/biofilter3R

# Ativa o ambiente virtual local
source .venv/bin/activate

# Executa o script Python
python /home/alrico/group/software/biofilter3R/scripts/jobs/load_reactome.py


------------------------------------------------------------

Successfully completed.

Resource usage summary:

    CPU time :                                   194.48 sec.
    Max Memory :                                 123 MB
    Average Memory :                             117.20 MB
    Total Requested Memory :                     4096.00 MB
    Delta Memory :                               3973.00 MB
    Max Swap :                                   -
    Max Processes :                              4
    Max Threads :                                6
    Run time :                                   279 sec.
    Turnaround time :                            270 sec.

The output (if any) follows:



PS:

Read file <bsub.load_hgnc.38207923.err> for stderr output of this job.

