Sender: LSF System <jszostek@theta02>
Subject: Job 38379306: <load_hgnc> in cluster <PMACS-SCC> Done

Job <load_hgnc> was submitted from host <superman> by user <alrico> in cluster <PMACS-SCC> at Mon Jun  9 08:35:53 2025
Job was executed on host(s) <4*theta02>, in queue <epistasis_normal>, as user <alrico> in cluster <PMACS-SCC> at Mon Jun  9 08:35:54 2025
</home/alrico> was used as the home directory.
</home/alrico/group/software/biofilter3R/scripts/jobs> was used as the working directory.
Started at Mon Jun  9 08:35:54 2025
Terminated at Tue Jun 10 03:49:49 2025
Results reported at Tue Jun 10 03:49:49 2025

Your job looked like:

------------------------------------------------------------
# LSBATCH: User input
#!/bin/bash
#BSUB -J load_hgnc
#BSUB -o bsub.load_chr1.%J.out
#BSUB -e bsub.load_chr1.%J.err
#BSUB -n 4
#BSUB -M 32000
#BSUB -W 24:00
#BSUB -R "select[ostype>=CENT7]"

# Carrega os m칩dulos necess치rios
module load python/3.11
module load git/2.39.0

# Ativa o poetry no ambiente do usu치rio
export PATH="$HOME/.local/bin:$PATH"

# Entra no diret칩rio do projeto
cd /home/alrico/group/software/biofilter3R

# Ativa o ambiente virtual local
source .venv/bin/activate

# Executa o script Python
python /home/alrico/group/software/biofilter3R/scripts/jobs/load_dbsnp.py

------------------------------------------------------------

Successfully completed.

Resource usage summary:

    CPU time :                                   18052.46 sec.
    Max Memory :                                 1982 MB
    Average Memory :                             1706.64 MB
    Total Requested Memory :                     4096.00 MB
    Delta Memory :                               2114.00 MB
    Max Swap :                                   -
    Max Processes :                              4
    Max Threads :                                25
    Run time :                                   69248 sec.
    Turnaround time :                            69236 sec.

The output (if any) follows:



PS:

Read file <bsub.load_chr1.38379306.err> for stderr output of this job.

